{"D:\\GitHub\\player-public\\player-public\\TVmaze\\src\\assets\\images\\image-placeholder.png": {"path":"D:\\GitHub\\player-public\\player-public\\TVmaze\\src\\assets\\images\\image-placeholder.png","statementMap":{"0":{"start":{"line":1,"column":0},"end":{"line":4,"column":6}}},"fnMap":{},"branchMap":{},"s":{"0":1},"f":{},"b":{},"inputSourceMap":null,"_coverageSchema":"1a1c01bbd47fc00a2c39e90264f33305004495a9","hash":"247f69d6613633735d7c71e008ea3e744ff35026"}
,"D:\\GitHub\\player-public\\player-public\\TVmaze\\src\\assets\\images\\star.png": {"path":"D:\\GitHub\\player-public\\player-public\\TVmaze\\src\\assets\\images\\star.png","statementMap":{"0":{"start":{"line":1,"column":0},"end":{"line":4,"column":6}}},"fnMap":{},"branchMap":{},"s":{"0":1},"f":{},"b":{},"inputSourceMap":null,"_coverageSchema":"1a1c01bbd47fc00a2c39e90264f33305004495a9","hash":"f33dcbf376f6ab1082d893758d57233286d14d0e"}
,"D:\\GitHub\\player-public\\player-public\\TVmaze\\src\\components\\ImageIcon\\ImageIcon.tsx": {"path":"D:\\GitHub\\player-public\\player-public\\TVmaze\\src\\components\\ImageIcon\\ImageIcon.tsx","statementMap":{"0":{"start":{"line":10,"column":2},"end":{"line":18,"column":4}}},"fnMap":{"0":{"name":"ImageIcon","decl":{"start":{"line":9,"column":16},"end":{"line":9,"column":25}},"loc":{"start":{"line":9,"column":70},"end":{"line":19,"column":1}},"line":9}},"branchMap":{"0":{"loc":{"start":{"line":9,"column":42},"end":{"line":9,"column":51}},"type":"default-arg","locations":[{"start":{"line":9,"column":49},"end":{"line":9,"column":51}}],"line":9}},"s":{"0":2},"f":{"0":2},"b":{"0":[2]},"_coverageSchema":"1a1c01bbd47fc00a2c39e90264f33305004495a9","hash":"64173a621e0c84411c00dfb0182505100e10a8ba"}
,"D:\\GitHub\\player-public\\player-public\\TVmaze\\src\\components\\StarRating\\StarRating.tsx": {"path":"D:\\GitHub\\player-public\\player-public\\TVmaze\\src\\components\\StarRating\\StarRating.tsx","statementMap":{"0":{"start":{"line":9,"column":17},"end":{"line":9,"column":56}},"1":{"start":{"line":15,"column":2},"end":{"line":17,"column":3}},"2":{"start":{"line":16,"column":4},"end":{"line":16,"column":16}},"3":{"start":{"line":19,"column":2},"end":{"line":24,"column":4}},"4":{"start":{"line":27,"column":15},"end":{"line":36,"column":2}}},"fnMap":{"0":{"name":"StarRating","decl":{"start":{"line":14,"column":16},"end":{"line":14,"column":26}},"loc":{"start":{"line":14,"column":44},"end":{"line":25,"column":1}},"line":14}},"branchMap":{"0":{"loc":{"start":{"line":15,"column":2},"end":{"line":17,"column":3}},"type":"if","locations":[{"start":{"line":15,"column":2},"end":{"line":17,"column":3}},{"start":{},"end":{}}],"line":15}},"s":{"0":1,"1":3,"2":1,"3":2,"4":1},"f":{"0":3},"b":{"0":[1,2]},"_coverageSchema":"1a1c01bbd47fc00a2c39e90264f33305004495a9","hash":"de7035eb6b099f7f608eb03146f3cc3a1a3f3855"}
,"D:\\GitHub\\player-public\\player-public\\TVmaze\\src\\screens\\ShowDetailsScreen\\components\\SeasonModal\\SeasonModal.tsx": {"path":"D:\\GitHub\\player-public\\player-public\\TVmaze\\src\\screens\\ShowDetailsScreen\\components\\SeasonModal\\SeasonModal.tsx","statementMap":{"0":{"start":{"line":13,"column":27},"end":{"line":39,"column":1}},"1":{"start":{"line":16,"column":6},"end":{"line":16,"column":28}},"2":{"start":{"line":17,"column":6},"end":{"line":17,"column":28}},"3":{"start":{"line":20,"column":4},"end":{"line":37,"column":6}},"4":{"start":{"line":28,"column":12},"end":{"line":33,"column":19}},"5":{"start":{"line":30,"column":29},"end":{"line":30,"column":49}},"6":{"start":{"line":41,"column":15},"end":{"line":53,"column":2}}},"fnMap":{"0":{"name":"(anonymous_0)","decl":{"start":{"line":14,"column":2},"end":{"line":14,"column":3}},"loc":{"start":{"line":14,"column":38},"end":{"line":38,"column":3}},"line":14},"1":{"name":"handleSelect","decl":{"start":{"line":15,"column":13},"end":{"line":15,"column":25}},"loc":{"start":{"line":15,"column":41},"end":{"line":18,"column":5}},"line":15},"2":{"name":"(anonymous_2)","decl":{"start":{"line":27,"column":23},"end":{"line":27,"column":24}},"loc":{"start":{"line":28,"column":12},"end":{"line":33,"column":19}},"line":28},"3":{"name":"(anonymous_3)","decl":{"start":{"line":30,"column":23},"end":{"line":30,"column":24}},"loc":{"start":{"line":30,"column":29},"end":{"line":30,"column":49}},"line":30}},"branchMap":{},"s":{"0":1,"1":1,"2":1,"3":2,"4":6,"5":1,"6":1},"f":{"0":2,"1":1,"2":6,"3":1},"b":{},"_coverageSchema":"1a1c01bbd47fc00a2c39e90264f33305004495a9","hash":"5067fb7bdc1429b17e572e98dccda37f678a582f"}
,"D:\\GitHub\\player-public\\player-public\\TVmaze\\src\\services\\api.ts": {"path":"D:\\GitHub\\player-public\\player-public\\TVmaze\\src\\services\\api.ts","statementMap":{"0":{"start":{"line":3,"column":24},"end":{"line":3,"column":49}},"1":{"start":{"line":5,"column":19},"end":{"line":7,"column":2}}},"fnMap":{},"branchMap":{},"s":{"0":1,"1":1},"f":{},"b":{},"_coverageSchema":"1a1c01bbd47fc00a2c39e90264f33305004495a9","hash":"7fe094ce4a48ba831404522657e32f6a3d758e2c"}
,"D:\\GitHub\\player-public\\player-public\\TVmaze\\src\\services\\show\\showService.ts": {"path":"D:\\GitHub\\player-public\\player-public\\TVmaze\\src\\services\\show\\showService.ts","statementMap":{"0":{"start":{"line":9,"column":2},"end":{"line":20,"column":3}},"1":{"start":{"line":10,"column":19},"end":{"line":10,"column":62}},"2":{"start":{"line":11,"column":4},"end":{"line":14,"column":6}},"3":{"start":{"line":16,"column":4},"end":{"line":19,"column":6}},"4":{"start":{"line":28,"column":2},"end":{"line":28,"column":41}},"5":{"start":{"line":28,"column":31},"end":{"line":28,"column":41}},"6":{"start":{"line":29,"column":17},"end":{"line":31,"column":3}},"7":{"start":{"line":33,"column":19},"end":{"line":33,"column":48}},"8":{"start":{"line":33,"column":37},"end":{"line":33,"column":47}},"9":{"start":{"line":34,"column":2},"end":{"line":34,"column":18}},"10":{"start":{"line":38,"column":17},"end":{"line":38,"column":69}},"11":{"start":{"line":40,"column":18},"end":{"line":40,"column":53}},"12":{"start":{"line":41,"column":22},"end":{"line":41,"column":42}},"13":{"start":{"line":43,"column":2},"end":{"line":43,"column":32}},"14":{"start":{"line":46,"column":27},"end":{"line":50,"column":1}}},"fnMap":{"0":{"name":"list","decl":{"start":{"line":8,"column":15},"end":{"line":8,"column":19}},"loc":{"start":{"line":8,"column":59},"end":{"line":21,"column":1}},"line":8},"1":{"name":"searchByName","decl":{"start":{"line":27,"column":15},"end":{"line":27,"column":27}},"loc":{"start":{"line":27,"column":65},"end":{"line":35,"column":1}},"line":27},"2":{"name":"(anonymous_2)","decl":{"start":{"line":33,"column":28},"end":{"line":33,"column":29}},"loc":{"start":{"line":33,"column":37},"end":{"line":33,"column":47}},"line":33},"3":{"name":"getEpisodes","decl":{"start":{"line":37,"column":15},"end":{"line":37,"column":26}},"loc":{"start":{"line":37,"column":69},"end":{"line":44,"column":1}},"line":37}},"branchMap":{"0":{"loc":{"start":{"line":28,"column":2},"end":{"line":28,"column":41}},"type":"if","locations":[{"start":{"line":28,"column":2},"end":{"line":28,"column":41}},{"start":{},"end":{}}],"line":28}},"s":{"0":0,"1":0,"2":0,"3":0,"4":0,"5":0,"6":0,"7":0,"8":0,"9":0,"10":3,"11":3,"12":3,"13":3,"14":1},"f":{"0":0,"1":0,"2":0,"3":3},"b":{"0":[0,0]},"_coverageSchema":"1a1c01bbd47fc00a2c39e90264f33305004495a9","hash":"c9e799d08ec0966ef088d1a2863f0d6612edd4b2"}
,"D:\\GitHub\\player-public\\player-public\\TVmaze\\src\\styles\\colors.ts": {"path":"D:\\GitHub\\player-public\\player-public\\TVmaze\\src\\styles\\colors.ts","statementMap":{"0":{"start":{"line":1,"column":22},"end":{"line":9,"column":1}}},"fnMap":{},"branchMap":{},"s":{"0":2},"f":{},"b":{},"_coverageSchema":"1a1c01bbd47fc00a2c39e90264f33305004495a9","hash":"a832b3736bf529730c28317b51819813ba620145"}
,"D:\\GitHub\\player-public\\player-public\\TVmaze\\src\\utils\\commonUtils.ts": {"path":"D:\\GitHub\\player-public\\player-public\\TVmaze\\src\\utils\\commonUtils.ts","statementMap":{"0":{"start":{"line":5,"column":25},"end":{"line":5,"column":74}},"1":{"start":{"line":11,"column":16},"end":{"line":11,"column":32}},"2":{"start":{"line":13,"column":2},"end":{"line":15,"column":3}},"3":{"start":{"line":14,"column":4},"end":{"line":14,"column":28}},"4":{"start":{"line":17,"column":2},"end":{"line":19,"column":3}},"5":{"start":{"line":18,"column":4},"end":{"line":18,"column":37}},"6":{"start":{"line":21,"column":2},"end":{"line":21,"column":26}},"7":{"start":{"line":24,"column":16},"end":{"line":32,"column":1}},"8":{"start":{"line":25,"column":2},"end":{"line":31,"column":9}},"9":{"start":{"line":26,"column":4},"end":{"line":28,"column":6}},"10":{"start":{"line":30,"column":4},"end":{"line":30,"column":18}},"11":{"start":{"line":37,"column":2},"end":{"line":37,"column":31}},"12":{"start":{"line":37,"column":21},"end":{"line":37,"column":31}},"13":{"start":{"line":38,"column":2},"end":{"line":40,"column":16}},"14":{"start":{"line":39,"column":4},"end":{"line":39,"column":35}},"15":{"start":{"line":43,"column":27},"end":{"line":47,"column":1}}},"fnMap":{"0":{"name":"getImageSource","decl":{"start":{"line":7,"column":9},"end":{"line":7,"column":23}},"loc":{"start":{"line":10,"column":24},"end":{"line":22,"column":1}},"line":10},"1":{"name":"(anonymous_1)","decl":{"start":{"line":24,"column":16},"end":{"line":24,"column":17}},"loc":{"start":{"line":24,"column":76},"end":{"line":32,"column":1}},"line":24},"2":{"name":"(anonymous_2)","decl":{"start":{"line":25,"column":22},"end":{"line":25,"column":23}},"loc":{"start":{"line":25,"column":48},"end":{"line":31,"column":3}},"line":25},"3":{"name":"getFromInfiniteData","decl":{"start":{"line":34,"column":16},"end":{"line":34,"column":35}},"loc":{"start":{"line":36,"column":7},"end":{"line":41,"column":1}},"line":36},"4":{"name":"(anonymous_4)","decl":{"start":{"line":38,"column":35},"end":{"line":38,"column":36}},"loc":{"start":{"line":38,"column":51},"end":{"line":40,"column":3}},"line":38}},"branchMap":{"0":{"loc":{"start":{"line":11,"column":16},"end":{"line":11,"column":32}},"type":"binary-expr","locations":[{"start":{"line":11,"column":16},"end":{"line":11,"column":20}},{"start":{"line":11,"column":24},"end":{"line":11,"column":32}}],"line":11},"1":{"loc":{"start":{"line":13,"column":2},"end":{"line":15,"column":3}},"type":"if","locations":[{"start":{"line":13,"column":2},"end":{"line":15,"column":3}},{"start":{},"end":{}}],"line":13},"2":{"loc":{"start":{"line":17,"column":2},"end":{"line":19,"column":3}},"type":"if","locations":[{"start":{"line":17,"column":2},"end":{"line":19,"column":3}},{"start":{},"end":{}}],"line":17},"3":{"loc":{"start":{"line":26,"column":33},"end":{"line":26,"column":64}},"type":"binary-expr","locations":[{"start":{"line":26,"column":33},"end":{"line":26,"column":58}},{"start":{"line":26,"column":62},"end":{"line":26,"column":64}}],"line":26},"4":{"loc":{"start":{"line":37,"column":2},"end":{"line":37,"column":31}},"type":"if","locations":[{"start":{"line":37,"column":2},"end":{"line":37,"column":31}},{"start":{},"end":{}}],"line":37}},"s":{"0":1,"1":0,"2":0,"3":0,"4":0,"5":0,"6":0,"7":1,"8":3,"9":12,"10":12,"11":0,"12":0,"13":0,"14":0,"15":1},"f":{"0":0,"1":3,"2":12,"3":0,"4":0},"b":{"0":[0,0],"1":[0,0],"2":[0,0],"3":[12,6],"4":[0,0]},"_coverageSchema":"1a1c01bbd47fc00a2c39e90264f33305004495a9","hash":"12028b748bf23b6feb586654cb779a01ae88f958"}
}
