TN:
SF:src\assets\images\image-placeholder.png
FNF:0
FNH:0
DA:1,1
LF:1
LH:1
BRF:0
BRH:0
end_of_record
TN:
SF:src\assets\images\star.png
FNF:0
FNH:0
DA:1,1
LF:1
LH:1
BRF:0
BRH:0
end_of_record
TN:
SF:src\components\ImageIcon\ImageIcon.tsx
FN:9,ImageIcon
FNF:1
FNH:1
FNDA:2,ImageIcon
DA:10,2
LF:1
LH:1
BRDA:9,0,0,2
BRF:1
BRH:1
end_of_record
TN:
SF:src\components\StarRating\StarRating.tsx
FN:14,StarRating
FNF:1
FNH:1
FNDA:3,StarRating
DA:9,1
DA:15,3
DA:16,1
DA:19,2
DA:27,1
LF:5
LH:5
BRDA:15,0,0,1
BRDA:15,0,1,2
BRF:2
BRH:2
end_of_record
TN:
SF:src\screens\ShowDetailsScreen\components\SeasonModal\SeasonModal.tsx
FN:14,(anonymous_0)
FN:15,handleSelect
FN:27,(anonymous_2)
FN:30,(anonymous_3)
FNF:4
FNH:4
FNDA:2,(anonymous_0)
FNDA:1,handleSelect
FNDA:6,(anonymous_2)
FNDA:1,(anonymous_3)
DA:13,1
DA:16,1
DA:17,1
DA:20,2
DA:28,6
DA:30,1
DA:41,1
LF:7
LH:7
BRF:0
BRH:0
end_of_record
TN:
SF:src\services\api.ts
FNF:0
FNH:0
DA:3,1
DA:5,1
LF:2
LH:2
BRF:0
BRH:0
end_of_record
TN:
SF:src\services\show\showService.ts
FN:8,list
FN:27,searchByName
FN:33,(anonymous_2)
FN:37,getEpisodes
FNF:4
FNH:1
FNDA:0,list
FNDA:0,searchByName
FNDA:0,(anonymous_2)
FNDA:3,getEpisodes
DA:9,0
DA:10,0
DA:11,0
DA:16,0
DA:28,0
DA:29,0
DA:33,0
DA:34,0
DA:38,3
DA:40,3
DA:41,3
DA:43,3
DA:46,1
LF:13
LH:5
BRDA:28,0,0,0
BRDA:28,0,1,0
BRF:2
BRH:0
end_of_record
TN:
SF:src\styles\colors.ts
FNF:0
FNH:0
DA:1,2
LF:1
LH:1
BRF:0
BRH:0
end_of_record
TN:
SF:src\utils\commonUtils.ts
FN:7,getImageSource
FN:24,(anonymous_1)
FN:25,(anonymous_2)
FN:34,getFromInfiniteData
FN:38,(anonymous_4)
FNF:5
FNH:2
FNDA:0,getImageSource
FNDA:3,(anonymous_1)
FNDA:12,(anonymous_2)
FNDA:0,getFromInfiniteData
FNDA:0,(anonymous_4)
DA:5,1
DA:11,0
DA:13,0
DA:14,0
DA:17,0
DA:18,0
DA:21,0
DA:24,1
DA:25,3
DA:26,12
DA:30,12
DA:37,0
DA:38,0
DA:39,0
DA:43,1
LF:15
LH:6
BRDA:11,0,0,0
BRDA:11,0,1,0
BRDA:13,1,0,0
BRDA:13,1,1,0
BRDA:17,2,0,0
BRDA:17,2,1,0
BRDA:26,3,0,12
BRDA:26,3,1,6
BRDA:37,4,0,0
BRDA:37,4,1,0
BRF:10
BRH:2
end_of_record
